Performing C SOURCE FILE Test CMAKE_HAVE_LIBC_PTHREAD failed with the following output:
Change Dir: /home/czagrzebski/agv_ws/src/ROS-AGV/packages/ros_agv_base/build/CMakeFiles/CMakeTmp

Run Build Command(s):/usr/bin/make cmTC_92a89/fast && /usr/bin/make -f CMakeFiles/cmTC_92a89.dir/build.make CMakeFiles/cmTC_92a89.dir/build
make[1]: Entering directory '/home/czagrzebski/agv_ws/src/ROS-AGV/packages/ros_agv_base/build/CMakeFiles/CMakeTmp'
Building C object CMakeFiles/cmTC_92a89.dir/src.c.o
/usr/bin/gcc   -DCMAKE_HAVE_LIBC_PTHREAD   -o CMakeFiles/cmTC_92a89.dir/src.c.o   -c /home/czagrzebski/agv_ws/src/ROS-AGV/packages/ros_agv_base/build/CMakeFiles/CMakeTmp/src.c
Linking C executable cmTC_92a89
/usr/bin/cmake -E cmake_link_script CMakeFiles/cmTC_92a89.dir/link.txt --verbose=1
/usr/bin/gcc  -DCMAKE_HAVE_LIBC_PTHREAD    -rdynamic CMakeFiles/cmTC_92a89.dir/src.c.o  -o cmTC_92a89 
/usr/bin/ld: CMakeFiles/cmTC_92a89.dir/src.c.o: in function `main':
src.c:(.text+0x46): undefined reference to `pthread_create'
/usr/bin/ld: src.c:(.text+0x52): undefined reference to `pthread_detach'
/usr/bin/ld: src.c:(.text+0x63): undefined reference to `pthread_join'
collect2: error: ld returned 1 exit status
make[1]: *** [CMakeFiles/cmTC_92a89.dir/build.make:87: cmTC_92a89] Error 1
make[1]: Leaving directory '/home/czagrzebski/agv_ws/src/ROS-AGV/packages/ros_agv_base/build/CMakeFiles/CMakeTmp'
make: *** [Makefile:121: cmTC_92a89/fast] Error 2


Source file was:
#include <pthread.h>

void* test_func(void* data)
{
  return data;
}

int main(void)
{
  pthread_t thread;
  pthread_create(&thread, NULL, test_func, NULL);
  pthread_detach(thread);
  pthread_join(thread, NULL);
  pthread_atfork(NULL, NULL, NULL);
  pthread_exit(NULL);

  return 0;
}

Determining if the function pthread_create exists in the pthreads failed with the following output:
Change Dir: /home/czagrzebski/agv_ws/src/ROS-AGV/packages/ros_agv_base/build/CMakeFiles/CMakeTmp

Run Build Command(s):/usr/bin/make cmTC_cf4a3/fast && /usr/bin/make -f CMakeFiles/cmTC_cf4a3.dir/build.make CMakeFiles/cmTC_cf4a3.dir/build
make[1]: Entering directory '/home/czagrzebski/agv_ws/src/ROS-AGV/packages/ros_agv_base/build/CMakeFiles/CMakeTmp'
Building C object CMakeFiles/cmTC_cf4a3.dir/CheckFunctionExists.c.o
/usr/bin/gcc   -DCHECK_FUNCTION_EXISTS=pthread_create   -o CMakeFiles/cmTC_cf4a3.dir/CheckFunctionExists.c.o   -c /usr/share/cmake-3.16/Modules/CheckFunctionExists.c
Linking C executable cmTC_cf4a3
/usr/bin/cmake -E cmake_link_script CMakeFiles/cmTC_cf4a3.dir/link.txt --verbose=1
/usr/bin/gcc  -DCHECK_FUNCTION_EXISTS=pthread_create    -rdynamic CMakeFiles/cmTC_cf4a3.dir/CheckFunctionExists.c.o  -o cmTC_cf4a3  -lpthreads 
/usr/bin/ld: cannot find -lpthreads
collect2: error: ld returned 1 exit status
make[1]: *** [CMakeFiles/cmTC_cf4a3.dir/build.make:87: cmTC_cf4a3] Error 1
make[1]: Leaving directory '/home/czagrzebski/agv_ws/src/ROS-AGV/packages/ros_agv_base/build/CMakeFiles/CMakeTmp'
make: *** [Makefile:121: cmTC_cf4a3/fast] Error 2



